This file contains any messages produced by compilers while
running configure, to aid debugging if configure makes a mistake.

It was created by libiwpm configure 1.0.0, which was
generated by GNU Autoconf 2.63.  Invocation command line was

  $ ./configure 

## --------- ##
## Platform. ##
## --------- ##

hostname = DELL21
uname -m = x86_64
uname -r = 2.6.32-279.el6.x86_64
uname -s = Linux
uname -v = #1 SMP Wed Jun 13 18:24:36 EDT 2012

/usr/bin/uname -p = unknown
/bin/uname -X     = unknown

/bin/arch              = x86_64
/usr/bin/arch -k       = unknown
/usr/convex/getsysinfo = unknown
/usr/bin/hostinfo      = unknown
/bin/machine           = unknown
/usr/bin/oslevel       = unknown
/bin/universe          = unknown

PATH: /usr/lib64/qt-3.3/bin
PATH: /usr/local/sbin
PATH: /usr/local/bin
PATH: /sbin
PATH: /bin
PATH: /usr/sbin
PATH: /usr/bin
PATH: /root/bin


## ----------- ##
## Core tests. ##
## ----------- ##

configure:2071: checking for a BSD-compatible install
configure:2139: result: /usr/bin/install -c
configure:2150: checking whether build environment is sane
configure:2210: result: yes
configure:2351: checking for a thread-safe mkdir -p
configure:2390: result: /bin/mkdir -p
configure:2403: checking for gawk
configure:2419: found /bin/gawk
configure:2430: result: gawk
configure:2441: checking whether make sets $(MAKE)
configure:2463: result: yes
configure:2595: checking for gcc
configure:2611: found /usr/bin/gcc
configure:2622: result: gcc
configure:2854: checking for C compiler version
configure:2862: gcc --version >&5
gcc (GCC) 4.4.6 20120305 (Red Hat 4.4.6-4)
Copyright (C) 2010 Free Software Foundation, Inc.
This is free software; see the source for copying conditions.  There is NO
warranty; not even for MERCHANTABILITY or FITNESS FOR A PARTICULAR PURPOSE.

configure:2866: $? = 0
configure:2873: gcc -v >&5
Using built-in specs.
Target: x86_64-redhat-linux
Configured with: ../configure --prefix=/usr --mandir=/usr/share/man --infodir=/usr/share/info --with-bugurl=http://bugzilla.redhat.com/bugzilla --enable-bootstrap --enable-shared --enable-threads=posix --enable-checking=release --with-system-zlib --enable-__cxa_atexit --disable-libunwind-exceptions --enable-gnu-unique-object --enable-languages=c,c++,objc,obj-c++,java,fortran,ada --enable-java-awt=gtk --disable-dssi --with-java-home=/usr/lib/jvm/java-1.5.0-gcj-1.5.0.0/jre --enable-libgcj-multifile --enable-java-maintainer-mode --with-ecj-jar=/usr/share/java/eclipse-ecj.jar --disable-libjava-multilib --with-ppl --with-cloog --with-tune=generic --with-arch_32=i686 --build=x86_64-redhat-linux
Thread model: posix
gcc version 4.4.6 20120305 (Red Hat 4.4.6-4) (GCC) 
configure:2877: $? = 0
configure:2884: gcc -V >&5
gcc: '-V' option must have argument
configure:2888: $? = 1
configure:2911: checking for C compiler default output file name
configure:2933: gcc    conftest.c  >&5
configure:2937: $? = 0
configure:2975: result: a.out
configure:2994: checking whether the C compiler works
configure:3004: ./a.out
configure:3008: $? = 0
configure:3027: result: yes
configure:3034: checking whether we are cross compiling
configure:3036: result: no
configure:3039: checking for suffix of executables
configure:3046: gcc -o conftest    conftest.c  >&5
configure:3050: $? = 0
configure:3076: result: 
configure:3082: checking for suffix of object files
configure:3108: gcc -c   conftest.c >&5
configure:3112: $? = 0
configure:3137: result: o
configure:3141: checking whether we are using the GNU C compiler
configure:3170: gcc -c   conftest.c >&5
configure:3177: $? = 0
configure:3194: result: yes
configure:3203: checking whether gcc accepts -g
configure:3233: gcc -c -g  conftest.c >&5
configure:3240: $? = 0
configure:3341: result: yes
configure:3358: checking for gcc option to accept ISO C89
configure:3432: gcc  -c -g -O2  conftest.c >&5
configure:3439: $? = 0
configure:3462: result: none needed
configure:3491: checking for style of include used by make
configure:3519: result: GNU
configure:3544: checking dependency style of gcc
configure:3654: result: gcc3
configure:3700: checking build system type
configure:3718: result: x86_64-unknown-linux-gnu
configure:3740: checking host system type
configure:3755: result: x86_64-unknown-linux-gnu
configure:3777: checking for a sed that does not truncate output
configure:3843: result: /bin/sed
configure:3861: checking for grep that handles long lines and -e
configure:3921: result: /bin/grep
configure:3926: checking for egrep
configure:3990: result: /bin/grep -E
configure:3995: checking for fgrep
configure:4059: result: /bin/grep -F
configure:4094: checking for ld used by gcc
configure:4161: result: /usr/bin/ld
configure:4170: checking if the linker (/usr/bin/ld) is GNU ld
configure:4185: result: yes
configure:4197: checking for BSD- or MS-compatible name lister (nm)
configure:4246: result: /usr/bin/nm -B
configure:4364: checking the name lister (/usr/bin/nm -B) interface
configure:4371: gcc -c -g -O2  conftest.c >&5
configure:4374: /usr/bin/nm -B "conftest.o"
configure:4377: output
0000000000000000 B some_variable
configure:4384: result: BSD nm
configure:4387: checking whether ln -s works
configure:4391: result: yes
configure:4399: checking the maximum length of command line arguments
configure:4519: result: 1966080
configure:4536: checking whether the shell understands some XSI constructs
configure:4546: result: yes
configure:4550: checking whether the shell understands "+="
configure:4556: result: yes
configure:4591: checking for /usr/bin/ld option to reload object files
configure:4598: result: -r
configure:4667: checking for objdump
configure:4683: found /usr/bin/objdump
configure:4694: result: objdump
configure:4726: checking how to recognize dependent libraries
configure:4922: result: pass_all
configure:4982: checking for ar
configure:4998: found /usr/bin/ar
configure:5009: result: ar
configure:5087: checking for strip
configure:5103: found /usr/bin/strip
configure:5114: result: strip
configure:5186: checking for ranlib
configure:5202: found /usr/bin/ranlib
configure:5213: result: ranlib
configure:5303: checking command to parse /usr/bin/nm -B output from gcc object
configure:5421: gcc -c -g -O2  conftest.c >&5
configure:5424: $? = 0
configure:5428: /usr/bin/nm -B conftest.o \| sed -n -e 's/^.*[	 ]\([ABCDGIRSTW][ABCDGIRSTW]*\)[	 ][	 ]*\([_A-Za-z][_A-Za-z0-9]*\)$/\1 \2 \2/p' \> conftest.nm
configure:5431: $? = 0
configure:5485: gcc -o conftest -g -O2   conftest.c conftstm.o >&5
configure:5488: $? = 0
configure:5526: result: ok
configure:5622: gcc -c -g -O2  conftest.c >&5
configure:5625: $? = 0
configure:6393: checking how to run the C preprocessor
configure:6433: gcc -E  conftest.c
configure:6440: $? = 0
configure:6471: gcc -E  conftest.c
conftest.c:10:28: error: ac_nonexistent.h: No such file or directory
configure:6478: $? = 1
configure: failed program was:
| /* confdefs.h.  */
| #define PACKAGE_NAME "libiwpm"
| #define PACKAGE_TARNAME "libiwpm"
| #define PACKAGE_VERSION "1.0.0"
| #define PACKAGE_STRING "libiwpm 1.0.0"
| #define PACKAGE_BUGREPORT "linux-rdma@vger.kernel.org"
| #define PACKAGE "libiwpm"
| #define VERSION "1.0.0"
| /* end confdefs.h.  */
| #include <ac_nonexistent.h>
configure:6511: result: gcc -E
configure:6540: gcc -E  conftest.c
configure:6547: $? = 0
configure:6578: gcc -E  conftest.c
conftest.c:10:28: error: ac_nonexistent.h: No such file or directory
configure:6585: $? = 1
configure: failed program was:
| /* confdefs.h.  */
| #define PACKAGE_NAME "libiwpm"
| #define PACKAGE_TARNAME "libiwpm"
| #define PACKAGE_VERSION "1.0.0"
| #define PACKAGE_STRING "libiwpm 1.0.0"
| #define PACKAGE_BUGREPORT "linux-rdma@vger.kernel.org"
| #define PACKAGE "libiwpm"
| #define VERSION "1.0.0"
| /* end confdefs.h.  */
| #include <ac_nonexistent.h>
configure:6625: checking for ANSI C header files
configure:6655: gcc -c -g -O2  conftest.c >&5
configure:6662: $? = 0
configure:6761: gcc -o conftest -g -O2   conftest.c  >&5
configure:6765: $? = 0
configure:6771: ./conftest
configure:6775: $? = 0
configure:6793: result: yes
configure:6817: checking for sys/types.h
configure:6838: gcc -c -g -O2  conftest.c >&5
configure:6845: $? = 0
configure:6862: result: yes
configure:6817: checking for sys/stat.h
configure:6838: gcc -c -g -O2  conftest.c >&5
configure:6845: $? = 0
configure:6862: result: yes
configure:6817: checking for stdlib.h
configure:6838: gcc -c -g -O2  conftest.c >&5
configure:6845: $? = 0
configure:6862: result: yes
configure:6817: checking for string.h
configure:6838: gcc -c -g -O2  conftest.c >&5
configure:6845: $? = 0
configure:6862: result: yes
configure:6817: checking for memory.h
configure:6838: gcc -c -g -O2  conftest.c >&5
configure:6845: $? = 0
configure:6862: result: yes
configure:6817: checking for strings.h
configure:6838: gcc -c -g -O2  conftest.c >&5
configure:6845: $? = 0
configure:6862: result: yes
configure:6817: checking for inttypes.h
configure:6838: gcc -c -g -O2  conftest.c >&5
configure:6845: $? = 0
configure:6862: result: yes
configure:6817: checking for stdint.h
configure:6838: gcc -c -g -O2  conftest.c >&5
configure:6845: $? = 0
configure:6862: result: yes
configure:6817: checking for unistd.h
configure:6838: gcc -c -g -O2  conftest.c >&5
configure:6845: $? = 0
configure:6862: result: yes
configure:6880: checking for dlfcn.h
configure:6901: gcc -c -g -O2  conftest.c >&5
configure:6908: $? = 0
configure:6925: result: yes
configure:7111: checking for objdir
configure:7126: result: .libs
configure:7418: checking if gcc supports -fno-rtti -fno-exceptions
configure:7436: gcc -c -g -O2  -fno-rtti -fno-exceptions conftest.c >&5
cc1: warning: command line option "-fno-rtti" is valid for C++/ObjC++ but not for C
configure:7440: $? = 0
configure:7453: result: no
configure:7473: checking for gcc option to produce PIC
configure:7745: result: -fPIC -DPIC
configure:7757: checking if gcc PIC flag -fPIC -DPIC works
configure:7775: gcc -c -g -O2  -fPIC -DPIC -DPIC conftest.c >&5
configure:7779: $? = 0
configure:7792: result: yes
configure:7816: checking if gcc static flag -static works
configure:7844: result: no
configure:7859: checking if gcc supports -c -o file.o
configure:7880: gcc -c -g -O2  -o out/conftest2.o conftest.c >&5
configure:7884: $? = 0
configure:7906: result: yes
configure:7914: checking if gcc supports -c -o file.o
configure:7961: result: yes
configure:7994: checking whether the gcc linker (/usr/bin/ld -m elf_x86_64) supports shared libraries
configure:9068: result: yes
configure:9105: checking whether -lc should be explicitly linked in
configure:9110: gcc -c -g -O2  conftest.c >&5
configure:9113: $? = 0
configure:9128: gcc -shared conftest.o  -v -Wl,-soname -Wl,conftest -o conftest 2\>\&1 \| /bin/grep  -lc  \>/dev/null 2\>\&1
configure:9131: $? = 0
configure:9143: result: no
configure:9307: checking dynamic linker characteristics
configure:9750: gcc -o conftest -g -O2   -Wl,-rpath -Wl,/foo conftest.c  >&5
configure:9757: $? = 0
configure:9993: result: GNU/Linux ld.so
configure:10095: checking how to hardcode library paths into programs
configure:10120: result: immediate
configure:10953: checking whether stripping libraries is possible
configure:10958: result: yes
configure:10993: checking if libtool supports shared libraries
configure:10995: result: yes
configure:10998: checking whether to build shared libraries
configure:11019: result: yes
configure:11022: checking whether to build static libraries
configure:11026: result: yes
configure:11075: checking for a BSD-compatible install
configure:11143: result: /usr/bin/install -c
configure:11157: checking for pthread_cond_init in -lpthread
configure:11192: gcc -o conftest -g -O2   conftest.c -lpthread   >&5
configure:11199: $? = 0
configure:11220: result: yes
configure:11236: checking for nlmsg_alloc in -lnl-3
configure:11271: gcc -o conftest -g -O2   conftest.c -lnl-3  -lpthread  >&5
configure:11278: $? = 0
configure:11299: result: yes
configure:11338: checking arpa/inet.h usability
configure:11355: gcc -c -g -O2  conftest.c >&5
configure:11362: $? = 0
configure:11376: result: yes
configure:11380: checking arpa/inet.h presence
configure:11395: gcc -E  conftest.c
configure:11402: $? = 0
configure:11416: result: yes
configure:11449: checking for arpa/inet.h
configure:11458: result: yes
configure:11338: checking netinet/in.h usability
configure:11355: gcc -c -g -O2  conftest.c >&5
configure:11362: $? = 0
configure:11376: result: yes
configure:11380: checking netinet/in.h presence
configure:11395: gcc -E  conftest.c
configure:11402: $? = 0
configure:11416: result: yes
configure:11449: checking for netinet/in.h
configure:11458: result: yes
configure:11327: checking for stdlib.h
configure:11334: result: yes
configure:11327: checking for string.h
configure:11334: result: yes
configure:11338: checking sys/socket.h usability
configure:11355: gcc -c -g -O2  conftest.c >&5
configure:11362: $? = 0
configure:11376: result: yes
configure:11380: checking sys/socket.h presence
configure:11395: gcc -E  conftest.c
configure:11402: $? = 0
configure:11416: result: yes
configure:11449: checking for sys/socket.h
configure:11458: result: yes
configure:11338: checking syslog.h usability
configure:11355: gcc -c -g -O2  conftest.c >&5
configure:11362: $? = 0
configure:11376: result: yes
configure:11380: checking syslog.h presence
configure:11395: gcc -E  conftest.c
configure:11402: $? = 0
configure:11416: result: yes
configure:11449: checking for syslog.h
configure:11458: result: yes
configure:11327: checking for unistd.h
configure:11334: result: yes
configure:11475: checking for pid_t
configure:11503: gcc -c -g -O2  conftest.c >&5
configure:11510: $? = 0
configure:11537: gcc -c -g -O2  conftest.c >&5
conftest.c: In function 'main':
conftest.c:67: error: expected expression before ')' token
configure:11544: $? = 1
configure: failed program was:
| /* confdefs.h.  */
| #define PACKAGE_NAME "libiwpm"
| #define PACKAGE_TARNAME "libiwpm"
| #define PACKAGE_VERSION "1.0.0"
| #define PACKAGE_STRING "libiwpm 1.0.0"
| #define PACKAGE_BUGREPORT "linux-rdma@vger.kernel.org"
| #define PACKAGE "libiwpm"
| #define VERSION "1.0.0"
| #define STDC_HEADERS 1
| #define HAVE_SYS_TYPES_H 1
| #define HAVE_SYS_STAT_H 1
| #define HAVE_STDLIB_H 1
| #define HAVE_STRING_H 1
| #define HAVE_MEMORY_H 1
| #define HAVE_STRINGS_H 1
| #define HAVE_INTTYPES_H 1
| #define HAVE_STDINT_H 1
| #define HAVE_UNISTD_H 1
| #define HAVE_DLFCN_H 1
| #define LT_OBJDIR ".libs/"
| #define HAVE_LIBPTHREAD 1
| #define HAVE_LIBNL_3 1
| #define HAVE_ARPA_INET_H 1
| #define HAVE_NETINET_IN_H 1
| #define HAVE_STDLIB_H 1
| #define HAVE_STRING_H 1
| #define HAVE_SYS_SOCKET_H 1
| #define HAVE_SYSLOG_H 1
| #define HAVE_UNISTD_H 1
| /* end confdefs.h.  */
| #include <stdio.h>
| #ifdef HAVE_SYS_TYPES_H
| # include <sys/types.h>
| #endif
| #ifdef HAVE_SYS_STAT_H
| # include <sys/stat.h>
| #endif
| #ifdef STDC_HEADERS
| # include <stdlib.h>
| # include <stddef.h>
| #else
| # ifdef HAVE_STDLIB_H
| #  include <stdlib.h>
| # endif
| #endif
| #ifdef HAVE_STRING_H
| # if !defined STDC_HEADERS && defined HAVE_MEMORY_H
| #  include <memory.h>
| # endif
| # include <string.h>
| #endif
| #ifdef HAVE_STRINGS_H
| # include <strings.h>
| #endif
| #ifdef HAVE_INTTYPES_H
| # include <inttypes.h>
| #endif
| #ifdef HAVE_STDINT_H
| # include <stdint.h>
| #endif
| #ifdef HAVE_UNISTD_H
| # include <unistd.h>
| #endif
| int
| main ()
| {
| if (sizeof ((pid_t)))
| 	  return 0;
|   ;
|   return 0;
| }
configure:11567: result: yes
configure:11597: checking vfork.h usability
configure:11614: gcc -c -g -O2  conftest.c >&5
conftest.c:64:19: error: vfork.h: No such file or directory
configure:11621: $? = 1
configure: failed program was:
| /* confdefs.h.  */
| #define PACKAGE_NAME "libiwpm"
| #define PACKAGE_TARNAME "libiwpm"
| #define PACKAGE_VERSION "1.0.0"
| #define PACKAGE_STRING "libiwpm 1.0.0"
| #define PACKAGE_BUGREPORT "linux-rdma@vger.kernel.org"
| #define PACKAGE "libiwpm"
| #define VERSION "1.0.0"
| #define STDC_HEADERS 1
| #define HAVE_SYS_TYPES_H 1
| #define HAVE_SYS_STAT_H 1
| #define HAVE_STDLIB_H 1
| #define HAVE_STRING_H 1
| #define HAVE_MEMORY_H 1
| #define HAVE_STRINGS_H 1
| #define HAVE_INTTYPES_H 1
| #define HAVE_STDINT_H 1
| #define HAVE_UNISTD_H 1
| #define HAVE_DLFCN_H 1
| #define LT_OBJDIR ".libs/"
| #define HAVE_LIBPTHREAD 1
| #define HAVE_LIBNL_3 1
| #define HAVE_ARPA_INET_H 1
| #define HAVE_NETINET_IN_H 1
| #define HAVE_STDLIB_H 1
| #define HAVE_STRING_H 1
| #define HAVE_SYS_SOCKET_H 1
| #define HAVE_SYSLOG_H 1
| #define HAVE_UNISTD_H 1
| /* end confdefs.h.  */
| #include <stdio.h>
| #ifdef HAVE_SYS_TYPES_H
| # include <sys/types.h>
| #endif
| #ifdef HAVE_SYS_STAT_H
| # include <sys/stat.h>
| #endif
| #ifdef STDC_HEADERS
| # include <stdlib.h>
| # include <stddef.h>
| #else
| # ifdef HAVE_STDLIB_H
| #  include <stdlib.h>
| # endif
| #endif
| #ifdef HAVE_STRING_H
| # if !defined STDC_HEADERS && defined HAVE_MEMORY_H
| #  include <memory.h>
| # endif
| # include <string.h>
| #endif
| #ifdef HAVE_STRINGS_H
| # include <strings.h>
| #endif
| #ifdef HAVE_INTTYPES_H
| # include <inttypes.h>
| #endif
| #ifdef HAVE_STDINT_H
| # include <stdint.h>
| #endif
| #ifdef HAVE_UNISTD_H
| # include <unistd.h>
| #endif
| #include <vfork.h>
configure:11635: result: no
configure:11639: checking vfork.h presence
configure:11654: gcc -E  conftest.c
conftest.c:31:19: error: vfork.h: No such file or directory
configure:11661: $? = 1
configure: failed program was:
| /* confdefs.h.  */
| #define PACKAGE_NAME "libiwpm"
| #define PACKAGE_TARNAME "libiwpm"
| #define PACKAGE_VERSION "1.0.0"
| #define PACKAGE_STRING "libiwpm 1.0.0"
| #define PACKAGE_BUGREPORT "linux-rdma@vger.kernel.org"
| #define PACKAGE "libiwpm"
| #define VERSION "1.0.0"
| #define STDC_HEADERS 1
| #define HAVE_SYS_TYPES_H 1
| #define HAVE_SYS_STAT_H 1
| #define HAVE_STDLIB_H 1
| #define HAVE_STRING_H 1
| #define HAVE_MEMORY_H 1
| #define HAVE_STRINGS_H 1
| #define HAVE_INTTYPES_H 1
| #define HAVE_STDINT_H 1
| #define HAVE_UNISTD_H 1
| #define HAVE_DLFCN_H 1
| #define LT_OBJDIR ".libs/"
| #define HAVE_LIBPTHREAD 1
| #define HAVE_LIBNL_3 1
| #define HAVE_ARPA_INET_H 1
| #define HAVE_NETINET_IN_H 1
| #define HAVE_STDLIB_H 1
| #define HAVE_STRING_H 1
| #define HAVE_SYS_SOCKET_H 1
| #define HAVE_SYSLOG_H 1
| #define HAVE_UNISTD_H 1
| /* end confdefs.h.  */
| #include <vfork.h>
configure:11675: result: no
configure:11708: checking for vfork.h
configure:11717: result: no
configure:11737: checking for fork
configure:11793: gcc -o conftest -g -O2   conftest.c -lnl-3 -lpthread  >&5
conftest.c:54: warning: conflicting types for built-in function 'fork'
configure:11800: $? = 0
configure:11822: result: yes
configure:11737: checking for vfork
configure:11793: gcc -o conftest -g -O2   conftest.c -lnl-3 -lpthread  >&5
configure:11800: $? = 0
configure:11822: result: yes
configure:11835: checking for working fork
configure:11867: gcc -o conftest -g -O2   conftest.c -lnl-3 -lpthread  >&5
configure:11871: $? = 0
configure:11877: ./conftest
configure:11881: $? = 0
configure:11898: result: yes
configure:11919: checking for working vfork
configure:12060: result: yes
configure:12096: checking for stdlib.h
configure:12103: result: yes
configure:12242: checking for GNU libc compatible malloc
configure:12276: gcc -o conftest -g -O2   conftest.c -lnl-3 -lpthread  >&5
configure:12280: $? = 0
configure:12286: ./conftest
configure:12290: $? = 0
configure:12307: result: yes
configure:12342: checking for memset
configure:12398: gcc -o conftest -g -O2   conftest.c -lnl-3 -lpthread  >&5
conftest.c:60: warning: conflicting types for built-in function 'memset'
configure:12405: $? = 0
configure:12427: result: yes
configure:12342: checking for select
configure:12398: gcc -o conftest -g -O2   conftest.c -lnl-3 -lpthread  >&5
configure:12405: $? = 0
configure:12427: result: yes
configure:12342: checking for socket
configure:12398: gcc -o conftest -g -O2   conftest.c -lnl-3 -lpthread  >&5
configure:12405: $? = 0
configure:12427: result: yes
configure:12342: checking for strerror
configure:12398: gcc -o conftest -g -O2   conftest.c -lnl-3 -lpthread  >&5
configure:12405: $? = 0
configure:12427: result: yes
configure:12566: creating ./config.status

## ---------------------- ##
## Running config.status. ##
## ---------------------- ##

This file was extended by libiwpm config.status 1.0.0, which was
generated by GNU Autoconf 2.63.  Invocation command line was

  CONFIG_FILES    = 
  CONFIG_HEADERS  = 
  CONFIG_LINKS    = 
  CONFIG_COMMANDS = 
  $ ./config.status 

on DELL21

config.status:1003: creating Makefile
config.status:1003: creating libiwpm.spec
config.status:1003: creating config.h
config.status:1225: config.h is unchanged
config.status:1277: executing depfiles commands
config.status:1277: executing libtool commands

## ---------------- ##
## Cache variables. ##
## ---------------- ##

ac_cv_build=x86_64-unknown-linux-gnu
ac_cv_c_compiler_gnu=yes
ac_cv_env_CC_set=
ac_cv_env_CC_value=
ac_cv_env_CFLAGS_set=
ac_cv_env_CFLAGS_value=
ac_cv_env_CPPFLAGS_set=
ac_cv_env_CPPFLAGS_value=
ac_cv_env_CPP_set=
ac_cv_env_CPP_value=
ac_cv_env_LDFLAGS_set=
ac_cv_env_LDFLAGS_value=
ac_cv_env_LIBS_set=
ac_cv_env_LIBS_value=
ac_cv_env_build_alias_set=
ac_cv_env_build_alias_value=
ac_cv_env_host_alias_set=
ac_cv_env_host_alias_value=
ac_cv_env_target_alias_set=
ac_cv_env_target_alias_value=
ac_cv_func_fork=yes
ac_cv_func_fork_works=yes
ac_cv_func_malloc_0_nonnull=yes
ac_cv_func_memset=yes
ac_cv_func_select=yes
ac_cv_func_socket=yes
ac_cv_func_strerror=yes
ac_cv_func_vfork=yes
ac_cv_func_vfork_works=yes
ac_cv_header_arpa_inet_h=yes
ac_cv_header_dlfcn_h=yes
ac_cv_header_inttypes_h=yes
ac_cv_header_memory_h=yes
ac_cv_header_netinet_in_h=yes
ac_cv_header_stdc=yes
ac_cv_header_stdint_h=yes
ac_cv_header_stdlib_h=yes
ac_cv_header_string_h=yes
ac_cv_header_strings_h=yes
ac_cv_header_sys_socket_h=yes
ac_cv_header_sys_stat_h=yes
ac_cv_header_sys_types_h=yes
ac_cv_header_syslog_h=yes
ac_cv_header_unistd_h=yes
ac_cv_header_vfork_h=no
ac_cv_host=x86_64-unknown-linux-gnu
ac_cv_lib_nl_3_nlmsg_alloc=yes
ac_cv_lib_pthread_pthread_cond_init=yes
ac_cv_objext=o
ac_cv_path_EGREP='/bin/grep -E'
ac_cv_path_FGREP='/bin/grep -F'
ac_cv_path_GREP=/bin/grep
ac_cv_path_SED=/bin/sed
ac_cv_path_install='/usr/bin/install -c'
ac_cv_path_mkdir=/bin/mkdir
ac_cv_prog_AWK=gawk
ac_cv_prog_CPP='gcc -E'
ac_cv_prog_ac_ct_AR=ar
ac_cv_prog_ac_ct_CC=gcc
ac_cv_prog_ac_ct_OBJDUMP=objdump
ac_cv_prog_ac_ct_RANLIB=ranlib
ac_cv_prog_ac_ct_STRIP=strip
ac_cv_prog_cc_c89=
ac_cv_prog_cc_g=yes
ac_cv_prog_make_make_set=yes
ac_cv_type_pid_t=yes
am_cv_CC_dependencies_compiler_type=gcc3
lt_cv_deplibs_check_method=pass_all
lt_cv_file_magic_cmd='$MAGIC_CMD'
lt_cv_file_magic_test_file=
lt_cv_ld_reload_flag=-r
lt_cv_nm_interface='BSD nm'
lt_cv_objdir=.libs
lt_cv_path_LD=/usr/bin/ld
lt_cv_path_NM='/usr/bin/nm -B'
lt_cv_prog_compiler_c_o=yes
lt_cv_prog_compiler_pic_works=yes
lt_cv_prog_compiler_rtti_exceptions=no
lt_cv_prog_compiler_static_works=no
lt_cv_prog_gnu_ld=yes
lt_cv_sys_global_symbol_pipe='sed -n -e '\''s/^.*[	 ]\([ABCDGIRSTW][ABCDGIRSTW]*\)[	 ][	 ]*\([_A-Za-z][_A-Za-z0-9]*\)$/\1 \2 \2/p'\'''
lt_cv_sys_global_symbol_to_c_name_address='sed -n -e '\''s/^: \([^ ]*\) $/  {\"\1\", (void *) 0},/p'\'' -e '\''s/^[ABCDGIRSTW]* \([^ ]*\) \([^ ]*\)$/  {"\2", (void *) \&\2},/p'\'''
lt_cv_sys_global_symbol_to_c_name_address_lib_prefix='sed -n -e '\''s/^: \([^ ]*\) $/  {\"\1\", (void *) 0},/p'\'' -e '\''s/^[ABCDGIRSTW]* \([^ ]*\) \(lib[^ ]*\)$/  {"\2", (void *) \&\2},/p'\'' -e '\''s/^[ABCDGIRSTW]* \([^ ]*\) \([^ ]*\)$/  {"lib\2", (void *) \&\2},/p'\'''
lt_cv_sys_global_symbol_to_cdecl='sed -n -e '\''s/^T .* \(.*\)$/extern int \1();/p'\'' -e '\''s/^[ABCDGIRSTW]* .* \(.*\)$/extern char \1;/p'\'''
lt_cv_sys_max_cmd_len=1966080

## ----------------- ##
## Output variables. ##
## ----------------- ##

ACLOCAL='${SHELL} /root/OFED-3.5/SOURCES/libiwpm-1.0.0/config/missing --run aclocal-1.11'
AMDEPBACKSLASH='\'
AMDEP_FALSE='#'
AMDEP_TRUE=''
AMTAR='${SHELL} /root/OFED-3.5/SOURCES/libiwpm-1.0.0/config/missing --run tar'
AR='ar'
AUTOCONF='${SHELL} /root/OFED-3.5/SOURCES/libiwpm-1.0.0/config/missing --run autoconf'
AUTOHEADER='${SHELL} /root/OFED-3.5/SOURCES/libiwpm-1.0.0/config/missing --run autoheader'
AUTOMAKE='${SHELL} /root/OFED-3.5/SOURCES/libiwpm-1.0.0/config/missing --run automake-1.11'
AWK='gawk'
CC='gcc'
CCDEPMODE='depmode=gcc3'
CFLAGS='-g -O2'
CPP='gcc -E'
CPPFLAGS=''
CYGPATH_W='echo'
DEFS='-DHAVE_CONFIG_H'
DEPDIR='.deps'
DSYMUTIL=''
DUMPBIN=''
ECHO_C=''
ECHO_N='-n'
ECHO_T=''
EGREP='/bin/grep -E'
EXEEXT=''
FGREP='/bin/grep -F'
GREP='/bin/grep'
INSTALL_DATA='${INSTALL} -m 644'
INSTALL_PROGRAM='${INSTALL}'
INSTALL_SCRIPT='${INSTALL}'
INSTALL_STRIP_PROGRAM='$(install_sh) -c -s'
LD='/usr/bin/ld -m elf_x86_64'
LDFLAGS=''
LIBOBJS=''
LIBS='-lnl-3 -lpthread '
LIBTOOL='$(SHELL) $(top_builddir)/libtool'
LIPO=''
LN_S='ln -s'
LTLIBOBJS=''
MAKEINFO='${SHELL} /root/OFED-3.5/SOURCES/libiwpm-1.0.0/config/missing --run makeinfo'
MKDIR_P='/bin/mkdir -p'
NM='/usr/bin/nm -B'
NMEDIT=''
OBJDUMP='objdump'
OBJEXT='o'
OTOOL64=''
OTOOL=''
PACKAGE='libiwpm'
PACKAGE_BUGREPORT='linux-rdma@vger.kernel.org'
PACKAGE_NAME='libiwpm'
PACKAGE_STRING='libiwpm 1.0.0'
PACKAGE_TARNAME='libiwpm'
PACKAGE_VERSION='1.0.0'
PATH_SEPARATOR=':'
RANLIB='ranlib'
SED='/bin/sed'
SET_MAKE=''
SHELL='/bin/sh'
STRIP='strip'
VERSION='1.0.0'
ac_ct_CC='gcc'
ac_ct_DUMPBIN=''
am__EXEEXT_FALSE=''
am__EXEEXT_TRUE='#'
am__fastdepCC_FALSE='#'
am__fastdepCC_TRUE=''
am__include='include'
am__isrc=''
am__leading_dot='.'
am__quote=''
am__tar='${AMTAR} chof - "$$tardir"'
am__untar='${AMTAR} xf -'
bindir='${exec_prefix}/bin'
build='x86_64-unknown-linux-gnu'
build_alias=''
build_cpu='x86_64'
build_os='linux-gnu'
build_vendor='unknown'
datadir='${datarootdir}'
datarootdir='${prefix}/share'
docdir='${datarootdir}/doc/${PACKAGE_TARNAME}'
dvidir='${docdir}'
exec_prefix='${prefix}'
host='x86_64-unknown-linux-gnu'
host_alias=''
host_cpu='x86_64'
host_os='linux-gnu'
host_vendor='unknown'
htmldir='${docdir}'
includedir='${prefix}/include'
infodir='${datarootdir}/info'
install_sh='${SHELL} /root/OFED-3.5/SOURCES/libiwpm-1.0.0/config/install-sh'
libdir='${exec_prefix}/lib'
libexecdir='${exec_prefix}/libexec'
localedir='${datarootdir}/locale'
localstatedir='${prefix}/var'
lt_ECHO='echo'
mandir='${datarootdir}/man'
mkdir_p='/bin/mkdir -p'
oldincludedir='/usr/include'
pdfdir='${docdir}'
prefix='/usr/local'
program_transform_name='s,x,x,'
psdir='${docdir}'
sbindir='${exec_prefix}/sbin'
sharedstatedir='${prefix}/com'
sysconfdir='${prefix}/etc'
target_alias=''

## ----------- ##
## confdefs.h. ##
## ----------- ##

#define PACKAGE_NAME "libiwpm"
#define PACKAGE_TARNAME "libiwpm"
#define PACKAGE_VERSION "1.0.0"
#define PACKAGE_STRING "libiwpm 1.0.0"
#define PACKAGE_BUGREPORT "linux-rdma@vger.kernel.org"
#define PACKAGE "libiwpm"
#define VERSION "1.0.0"
#define STDC_HEADERS 1
#define HAVE_SYS_TYPES_H 1
#define HAVE_SYS_STAT_H 1
#define HAVE_STDLIB_H 1
#define HAVE_STRING_H 1
#define HAVE_MEMORY_H 1
#define HAVE_STRINGS_H 1
#define HAVE_INTTYPES_H 1
#define HAVE_STDINT_H 1
#define HAVE_UNISTD_H 1
#define HAVE_DLFCN_H 1
#define LT_OBJDIR ".libs/"
#define HAVE_LIBPTHREAD 1
#define HAVE_LIBNL_3 1
#define HAVE_ARPA_INET_H 1
#define HAVE_NETINET_IN_H 1
#define HAVE_STDLIB_H 1
#define HAVE_STRING_H 1
#define HAVE_SYS_SOCKET_H 1
#define HAVE_SYSLOG_H 1
#define HAVE_UNISTD_H 1
#define HAVE_FORK 1
#define HAVE_VFORK 1
#define HAVE_WORKING_VFORK 1
#define HAVE_WORKING_FORK 1
#define HAVE_STDLIB_H 1
#define HAVE_MALLOC 1
#define HAVE_MEMSET 1
#define HAVE_SELECT 1
#define HAVE_SOCKET 1
#define HAVE_STRERROR 1

configure: exit 0
